<?xml version="1.0" encoding="UTF-8"?>
<testsuite name="com.mAInd.springboot.web.ProfilesApiControllerTest" tests="1" skipped="0" failures="0" errors="0" timestamp="2023-04-19T06:45:56" hostname="JIWON-LAPTOP" time="1.054">
  <properties/>
  <testcase name="Profiles_수정된다" classname="com.mAInd.springboot.web.ProfilesApiControllerTest" time="1.054"/>
  <system-out><![CDATA[15:45:47.903 [Test worker] DEBUG org.springframework.test.context.junit4.SpringJUnit4ClassRunner - SpringJUnit4ClassRunner constructor called with [class com.mAInd.springboot.web.ProfilesApiControllerTest]
15:45:47.917 [Test worker] DEBUG org.springframework.test.context.BootstrapUtils - Instantiating CacheAwareContextLoaderDelegate from class [org.springframework.test.context.cache.DefaultCacheAwareContextLoaderDelegate]
15:45:47.932 [Test worker] DEBUG org.springframework.test.context.BootstrapUtils - Instantiating BootstrapContext using constructor [public org.springframework.test.context.support.DefaultBootstrapContext(java.lang.Class,org.springframework.test.context.CacheAwareContextLoaderDelegate)]
15:45:47.959 [Test worker] DEBUG org.springframework.test.context.BootstrapUtils - Instantiating TestContextBootstrapper for test class [com.mAInd.springboot.web.ProfilesApiControllerTest] from class [org.springframework.boot.test.context.SpringBootTestContextBootstrapper]
15:45:47.973 [Test worker] INFO org.springframework.boot.test.context.SpringBootTestContextBootstrapper - Neither @ContextConfiguration nor @ContextHierarchy found for test class [com.mAInd.springboot.web.ProfilesApiControllerTest], using SpringBootContextLoader
15:45:47.976 [Test worker] DEBUG org.springframework.test.context.support.AbstractContextLoader - Did not detect default resource location for test class [com.mAInd.springboot.web.ProfilesApiControllerTest]: class path resource [com/mAInd/springboot/web/ProfilesApiControllerTest-context.xml] does not exist
15:45:47.977 [Test worker] DEBUG org.springframework.test.context.support.AbstractContextLoader - Did not detect default resource location for test class [com.mAInd.springboot.web.ProfilesApiControllerTest]: class path resource [com/mAInd/springboot/web/ProfilesApiControllerTestContext.groovy] does not exist
15:45:47.977 [Test worker] INFO org.springframework.test.context.support.AbstractContextLoader - Could not detect default resource locations for test class [com.mAInd.springboot.web.ProfilesApiControllerTest]: no resource found for suffixes {-context.xml, Context.groovy}.
15:45:47.978 [Test worker] INFO org.springframework.test.context.support.AnnotationConfigContextLoaderUtils - Could not detect default configuration classes for test class [com.mAInd.springboot.web.ProfilesApiControllerTest]: ProfilesApiControllerTest does not declare any static, non-private, non-final, nested classes annotated with @Configuration.
15:45:48.054 [Test worker] DEBUG org.springframework.test.context.support.ActiveProfilesUtils - Could not find an 'annotation declaring class' for annotation type [org.springframework.test.context.ActiveProfiles] and class [com.mAInd.springboot.web.ProfilesApiControllerTest]
15:45:48.252 [Test worker] DEBUG org.springframework.context.annotation.ClassPathScanningCandidateComponentProvider - Identified candidate component class: file [C:\DS-mAInd\mAInd-webservice\build\classes\java\main\com\mAInd\springboot\Application.class]
15:45:48.254 [Test worker] INFO org.springframework.boot.test.context.SpringBootTestContextBootstrapper - Found @SpringBootConfiguration com.mAInd.springboot.Application for test class com.mAInd.springboot.web.ProfilesApiControllerTest
15:45:48.378 [Test worker] DEBUG org.springframework.boot.test.context.SpringBootTestContextBootstrapper - @TestExecutionListeners is not present for class [com.mAInd.springboot.web.ProfilesApiControllerTest]: using defaults.
15:45:48.379 [Test worker] INFO org.springframework.boot.test.context.SpringBootTestContextBootstrapper - Loaded default TestExecutionListener class names from location [META-INF/spring.factories]: [org.springframework.boot.test.autoconfigure.restdocs.RestDocsTestExecutionListener, org.springframework.boot.test.autoconfigure.web.client.MockRestServiceServerResetTestExecutionListener, org.springframework.boot.test.autoconfigure.web.servlet.MockMvcPrintOnlyOnFailureTestExecutionListener, org.springframework.boot.test.autoconfigure.web.servlet.WebDriverTestExecutionListener, org.springframework.boot.test.mock.mockito.MockitoTestExecutionListener, org.springframework.boot.test.mock.mockito.ResetMocksTestExecutionListener, org.springframework.test.context.web.ServletTestExecutionListener, org.springframework.test.context.support.DirtiesContextBeforeModesTestExecutionListener, org.springframework.test.context.support.DependencyInjectionTestExecutionListener, org.springframework.test.context.support.DirtiesContextTestExecutionListener, org.springframework.test.context.transaction.TransactionalTestExecutionListener, org.springframework.test.context.jdbc.SqlScriptsTestExecutionListener]
15:45:48.412 [Test worker] INFO org.springframework.boot.test.context.SpringBootTestContextBootstrapper - Using TestExecutionListeners: [org.springframework.test.context.web.ServletTestExecutionListener@61534b66, org.springframework.test.context.support.DirtiesContextBeforeModesTestExecutionListener@3d98c5af, org.springframework.boot.test.mock.mockito.MockitoTestExecutionListener@c8c3c24, org.springframework.boot.test.autoconfigure.SpringBootDependencyInjectionTestExecutionListener@73b9e7cf, org.springframework.test.context.support.DirtiesContextTestExecutionListener@84a9aa5, org.springframework.test.context.transaction.TransactionalTestExecutionListener@730483be, org.springframework.test.context.jdbc.SqlScriptsTestExecutionListener@1e04fce6, org.springframework.boot.test.autoconfigure.restdocs.RestDocsTestExecutionListener@223fe776, org.springframework.boot.test.autoconfigure.web.client.MockRestServiceServerResetTestExecutionListener@7e7cde26, org.springframework.boot.test.autoconfigure.web.servlet.MockMvcPrintOnlyOnFailureTestExecutionListener@2932bb24, org.springframework.boot.test.autoconfigure.web.servlet.WebDriverTestExecutionListener@10e89128, org.springframework.boot.test.mock.mockito.ResetMocksTestExecutionListener@4db1c014]
15:45:48.417 [Test worker] DEBUG org.springframework.test.annotation.ProfileValueUtils - Retrieved @ProfileValueSourceConfiguration [null] for test class [com.mAInd.springboot.web.ProfilesApiControllerTest]
15:45:48.417 [Test worker] DEBUG org.springframework.test.annotation.ProfileValueUtils - Retrieved ProfileValueSource type [class org.springframework.test.annotation.SystemProfileValueSource] for class [com.mAInd.springboot.web.ProfilesApiControllerTest]
15:45:48.423 [Test worker] DEBUG org.springframework.test.annotation.ProfileValueUtils - Retrieved @ProfileValueSourceConfiguration [null] for test class [com.mAInd.springboot.web.ProfilesApiControllerTest]
15:45:48.423 [Test worker] DEBUG org.springframework.test.annotation.ProfileValueUtils - Retrieved ProfileValueSource type [class org.springframework.test.annotation.SystemProfileValueSource] for class [com.mAInd.springboot.web.ProfilesApiControllerTest]
15:45:48.424 [Test worker] DEBUG org.springframework.test.annotation.ProfileValueUtils - Retrieved @ProfileValueSourceConfiguration [null] for test class [com.mAInd.springboot.web.ProfilesApiControllerTest]
15:45:48.424 [Test worker] DEBUG org.springframework.test.annotation.ProfileValueUtils - Retrieved ProfileValueSource type [class org.springframework.test.annotation.SystemProfileValueSource] for class [com.mAInd.springboot.web.ProfilesApiControllerTest]
15:45:48.429 [Test worker] DEBUG org.springframework.test.context.support.AbstractDirtiesContextTestExecutionListener - Before test class: context [DefaultTestContext@3a2ae654 testClass = ProfilesApiControllerTest, testInstance = [null], testMethod = [null], testException = [null], mergedContextConfiguration = [WebMergedContextConfiguration@4fee39fc testClass = ProfilesApiControllerTest, locations = '{}', classes = '{class com.mAInd.springboot.Application}', contextInitializerClasses = '[]', activeProfiles = '{}', propertySourceLocations = '{}', propertySourceProperties = '{org.springframework.boot.test.context.SpringBootTestContextBootstrapper=true, server.port=0}', contextCustomizers = set[org.springframework.boot.test.autoconfigure.properties.PropertyMappingContextCustomizer@0, org.springframework.boot.test.autoconfigure.web.servlet.WebDriverContextCustomizerFactory$Customizer@311c739d, org.springframework.boot.test.context.filter.ExcludeFilterContextCustomizer@3f12275, org.springframework.boot.test.json.DuplicateJsonObjectContextCustomizerFactory$DuplicateJsonObjectContextCustomizer@424e1566, org.springframework.boot.test.mock.mockito.MockitoContextCustomizer@0, org.springframework.boot.test.web.client.TestRestTemplateContextCustomizer@6e28ce43], resourceBasePath = 'src/main/webapp', contextLoader = 'org.springframework.boot.test.context.SpringBootContextLoader', parent = [null]], attributes = map['org.springframework.test.context.web.ServletTestExecutionListener.activateListener' -> false]], class annotated with @DirtiesContext [false] with mode [null].
15:45:48.430 [Test worker] DEBUG org.springframework.test.annotation.ProfileValueUtils - Retrieved @ProfileValueSourceConfiguration [null] for test class [com.mAInd.springboot.web.ProfilesApiControllerTest]
15:45:48.430 [Test worker] DEBUG org.springframework.test.annotation.ProfileValueUtils - Retrieved ProfileValueSource type [class org.springframework.test.annotation.SystemProfileValueSource] for class [com.mAInd.springboot.web.ProfilesApiControllerTest]
15:45:48.436 [Test worker] DEBUG org.springframework.test.context.support.DependencyInjectionTestExecutionListener - Performing dependency injection for test context [[DefaultTestContext@3a2ae654 testClass = ProfilesApiControllerTest, testInstance = com.mAInd.springboot.web.ProfilesApiControllerTest@528a0c79, testMethod = [null], testException = [null], mergedContextConfiguration = [WebMergedContextConfiguration@4fee39fc testClass = ProfilesApiControllerTest, locations = '{}', classes = '{class com.mAInd.springboot.Application}', contextInitializerClasses = '[]', activeProfiles = '{}', propertySourceLocations = '{}', propertySourceProperties = '{org.springframework.boot.test.context.SpringBootTestContextBootstrapper=true, server.port=0}', contextCustomizers = set[org.springframework.boot.test.autoconfigure.properties.PropertyMappingContextCustomizer@0, org.springframework.boot.test.autoconfigure.web.servlet.WebDriverContextCustomizerFactory$Customizer@311c739d, org.springframework.boot.test.context.filter.ExcludeFilterContextCustomizer@3f12275, org.springframework.boot.test.json.DuplicateJsonObjectContextCustomizerFactory$DuplicateJsonObjectContextCustomizer@424e1566, org.springframework.boot.test.mock.mockito.MockitoContextCustomizer@0, org.springframework.boot.test.web.client.TestRestTemplateContextCustomizer@6e28ce43], resourceBasePath = 'src/main/webapp', contextLoader = 'org.springframework.boot.test.context.SpringBootContextLoader', parent = [null]], attributes = map['org.springframework.test.context.web.ServletTestExecutionListener.activateListener' -> false]]].
15:45:48.457 [Test worker] DEBUG org.springframework.test.context.support.TestPropertySourceUtils - Adding inlined properties to environment: {spring.jmx.enabled=false, org.springframework.boot.test.context.SpringBootTestContextBootstrapper=true, server.port=0}

  .   ____          _            __ _ _
 /\\ / ___'_ __ _ _(_)_ __  __ _ \ \ \ \
( ( )\___ | '_ | '_| | '_ \/ _` | \ \ \ \
 \\/  ___)| |_)| | | | | || (_| |  ) ) ) )
  '  |____| .__|_| |_|_| |_\__, | / / / /
 =========|_|==============|___/=/_/_/_/
 :: Spring Boot ::        (v2.1.7.RELEASE)

2023-04-19 15:45:48.884  INFO 24296 --- [    Test worker] c.m.s.web.ProfilesApiControllerTest      : Starting ProfilesApiControllerTest on JIWON-LAPTOP with PID 24296 (started by 82109 in C:\DS-mAInd\mAInd-webservice)
2023-04-19 15:45:48.885  INFO 24296 --- [    Test worker] c.m.s.web.ProfilesApiControllerTest      : No active profile set, falling back to default profiles: default
2023-04-19 15:45:50.184  INFO 24296 --- [    Test worker] .s.d.r.c.RepositoryConfigurationDelegate : Bootstrapping Spring Data repositories in DEFAULT mode.
2023-04-19 15:45:50.311  INFO 24296 --- [    Test worker] .s.d.r.c.RepositoryConfigurationDelegate : Finished Spring Data repository scanning in 116ms. Found 1 repository interfaces.
2023-04-19 15:45:50.754  INFO 24296 --- [    Test worker] trationDelegate$BeanPostProcessorChecker : Bean 'org.springframework.transaction.annotation.ProxyTransactionManagementConfiguration' of type [org.springframework.transaction.annotation.ProxyTransactionManagementConfiguration$$EnhancerBySpringCGLIB$$4b34503] is not eligible for getting processed by all BeanPostProcessors (for example: not eligible for auto-proxying)
2023-04-19 15:45:51.420  INFO 24296 --- [    Test worker] o.s.b.w.embedded.tomcat.TomcatWebServer  : Tomcat initialized with port(s): 0 (http)
2023-04-19 15:45:51.508  INFO 24296 --- [    Test worker] o.apache.catalina.core.StandardService   : Starting service [Tomcat]
2023-04-19 15:45:51.508  INFO 24296 --- [    Test worker] org.apache.catalina.core.StandardEngine  : Starting Servlet engine: [Apache Tomcat/9.0.22]
2023-04-19 15:45:51.888  INFO 24296 --- [    Test worker] o.a.c.c.C.[Tomcat].[localhost].[/]       : Initializing Spring embedded WebApplicationContext
2023-04-19 15:45:51.889  INFO 24296 --- [    Test worker] o.s.web.context.ContextLoader            : Root WebApplicationContext: initialization completed in 2965 ms
2023-04-19 15:45:52.496  INFO 24296 --- [    Test worker] com.zaxxer.hikari.HikariDataSource       : HikariPool-1 - Starting...
2023-04-19 15:45:52.947  INFO 24296 --- [    Test worker] com.zaxxer.hikari.HikariDataSource       : HikariPool-1 - Start completed.
2023-04-19 15:45:53.201  INFO 24296 --- [    Test worker] o.hibernate.jpa.internal.util.LogHelper  : HHH000204: Processing PersistenceUnitInfo [
	name: default
	...]
2023-04-19 15:45:53.350  INFO 24296 --- [    Test worker] org.hibernate.Version                    : HHH000412: Hibernate Core {5.3.10.Final}
2023-04-19 15:45:53.352  INFO 24296 --- [    Test worker] org.hibernate.cfg.Environment            : HHH000206: hibernate.properties not found
2023-04-19 15:45:53.601  INFO 24296 --- [    Test worker] o.hibernate.annotations.common.Version   : HCANN000001: Hibernate Commons Annotations {5.0.4.Final}
2023-04-19 15:45:53.878  INFO 24296 --- [    Test worker] org.hibernate.dialect.Dialect            : HHH000400: Using dialect: org.hibernate.dialect.MySQL5InnoDBDialect
Hibernate: drop table if exists profiles
Hibernate: create table profiles (counselor_profile_id bigint not null auto_increment, created_date datetime, modified_date datetime, career TEXT not null, content TEXT not null, counselor_id varchar(255), education TEXT not null, title varchar(500) not null, primary key (counselor_profile_id)) engine=InnoDB
2023-04-19 15:45:54.711  INFO 24296 --- [    Test worker] o.h.t.schema.internal.SchemaCreatorImpl  : HHH000476: Executing import script 'org.hibernate.tool.schema.internal.exec.ScriptSourceInputNonExistentImpl@1d38f4e'
2023-04-19 15:45:54.714  INFO 24296 --- [    Test worker] j.LocalContainerEntityManagerFactoryBean : Initialized JPA EntityManagerFactory for persistence unit 'default'
2023-04-19 15:45:55.734  INFO 24296 --- [    Test worker] o.s.s.concurrent.ThreadPoolTaskExecutor  : Initializing ExecutorService 'applicationTaskExecutor'
2023-04-19 15:45:55.824  WARN 24296 --- [    Test worker] aWebConfiguration$JpaWebMvcConfiguration : spring.jpa.open-in-view is enabled by default. Therefore, database queries may be performed during view rendering. Explicitly configure spring.jpa.open-in-view to disable this warning
2023-04-19 15:45:56.313  INFO 24296 --- [    Test worker] o.s.b.w.embedded.tomcat.TomcatWebServer  : Tomcat started on port(s): 9675 (http) with context path ''
2023-04-19 15:45:56.319  INFO 24296 --- [    Test worker] c.m.s.web.ProfilesApiControllerTest      : Started ProfilesApiControllerTest in 7.857 seconds (JVM running for 10.499)
Hibernate: insert into profiles (created_date, modified_date, career, content, counselor_id, education, title) values (?, ?, ?, ?, ?, ?, ?)
2023-04-19 15:45:56.765  INFO 24296 --- [o-auto-1-exec-1] o.a.c.c.C.[Tomcat].[localhost].[/]       : Initializing Spring DispatcherServlet 'dispatcherServlet'
2023-04-19 15:45:56.766  INFO 24296 --- [o-auto-1-exec-1] o.s.web.servlet.DispatcherServlet        : Initializing Servlet 'dispatcherServlet'
2023-04-19 15:45:56.794  INFO 24296 --- [o-auto-1-exec-1] o.s.web.servlet.DispatcherServlet        : Completed initialization in 28 ms
Hibernate: select profiles0_.counselor_profile_id as counselo1_0_0_, profiles0_.created_date as created_2_0_0_, profiles0_.modified_date as modified3_0_0_, profiles0_.career as career4_0_0_, profiles0_.content as content5_0_0_, profiles0_.counselor_id as counselo6_0_0_, profiles0_.education as educatio7_0_0_, profiles0_.title as title8_0_0_ from profiles profiles0_ where profiles0_.counselor_profile_id=?
Hibernate: update profiles set created_date=?, modified_date=?, career=?, content=?, counselor_id=?, education=?, title=? where counselor_profile_id=?
2023-04-19 15:45:57.104  INFO 24296 --- [    Test worker] o.h.h.i.QueryTranslatorFactoryInitiator  : HHH000397: Using ASTQueryTranslatorFactory
Hibernate: select profiles0_.counselor_profile_id as counselo1_0_, profiles0_.created_date as created_2_0_, profiles0_.modified_date as modified3_0_, profiles0_.career as career4_0_, profiles0_.content as content5_0_, profiles0_.counselor_id as counselo6_0_, profiles0_.education as educatio7_0_, profiles0_.title as title8_0_ from profiles profiles0_
Hibernate: select profiles0_.counselor_profile_id as counselo1_0_, profiles0_.created_date as created_2_0_, profiles0_.modified_date as modified3_0_, profiles0_.career as career4_0_, profiles0_.content as content5_0_, profiles0_.counselor_id as counselo6_0_, profiles0_.education as educatio7_0_, profiles0_.title as title8_0_ from profiles profiles0_
Hibernate: delete from profiles where counselor_profile_id=?
]]></system-out>
  <system-err><![CDATA[]]></system-err>
</testsuite>
